<?xml version="1.0" encoding="UTF-8"?>
<testsuite name="de.gunis.roger.EmployeeSearchTest" tests="1" skipped="0" failures="0" errors="0" timestamp="2017-06-28T00:29:29" hostname="develvm" time="0.083">
  <properties/>
  <testcase name="combineJobAndWorker" classname="de.gunis.roger.EmployeeSearchTest" time="0.083"/>
  <system-out><![CDATA[02:29:29.459 [Test worker] INFO  JobCenter.class - Instance started
02:29:29.462 [Test worker] INFO  HolidayInformationCenter.class - Instance started
02:29:29.478 [Test worker] DEBUG JobCenter.class - Day: 2017-01-01
02:29:29.484 [Test worker] DEBUG JobCenter.class - No work for day: 2017-01-01
02:29:29.484 [Test worker] DEBUG JobCenter.class - Day: 2017-01-02
02:29:29.484 [Test worker] DEBUG JobCenter.class - No work for day: 2017-01-02
02:29:29.484 [Test worker] DEBUG JobCenter.class - Day: 2017-01-03
02:29:29.484 [Test worker] DEBUG JobCenter.class - No work for day: 2017-01-03
02:29:29.485 [Test worker] DEBUG JobCenter.class - Day: 2017-01-04
02:29:29.486 [Test worker] DEBUG JobCenter.class - No work for day: 2017-01-04
02:29:29.486 [Test worker] DEBUG JobCenter.class - Day: 2017-01-05
02:29:29.486 [Test worker] DEBUG JobCenter.class - No work for day: 2017-01-05
02:29:29.486 [Test worker] DEBUG JobCenter.class - Day: 2017-01-06
02:29:29.487 [Test worker] DEBUG JobCenter.class - No work for day: 2017-01-06
02:29:29.487 [Test worker] DEBUG JobCenter.class - Day: 2017-01-07
02:29:29.487 [Test worker] DEBUG JobCenter.class - No work for day: 2017-01-07
02:29:29.488 [Test worker] DEBUG JobCenter.class - Day: 2017-01-08
02:29:29.488 [Test worker] DEBUG JobCenter.class - No work for day: 2017-01-08
02:29:29.488 [Test worker] DEBUG JobCenter.class - Day: 2017-01-09
02:29:29.488 [Test worker] DEBUG JobCenter.class - No work for day: 2017-01-09
02:29:29.488 [Test worker] DEBUG JobCenter.class - Day: 2017-01-10
02:29:29.488 [Test worker] DEBUG JobCenter.class - No work for day: 2017-01-10
02:29:29.489 [Test worker] DEBUG JobCenter.class - Day: 2017-01-11
02:29:29.490 [Test worker] DEBUG JobCenter.class - No work for day: 2017-01-11
02:29:29.490 [Test worker] DEBUG JobCenter.class - Day: 2017-01-12
02:29:29.490 [Test worker] DEBUG JobCenter.class - No work for day: 2017-01-12
02:29:29.490 [Test worker] DEBUG JobCenter.class - Day: 2017-01-13
02:29:29.490 [Test worker] DEBUG JobCenter.class - No work for day: 2017-01-13
02:29:29.490 [Test worker] DEBUG JobCenter.class - Day: 2017-01-14
02:29:29.491 [Test worker] DEBUG JobCenter.class - No work for day: 2017-01-14
02:29:29.491 [Test worker] DEBUG JobCenter.class - Day: 2017-01-15
02:29:29.492 [Test worker] DEBUG JobCenter.class - No work for day: 2017-01-15
02:29:29.492 [Test worker] DEBUG JobCenter.class - Day: 2017-01-16
02:29:29.492 [Test worker] DEBUG JobCenter.class - No work for day: 2017-01-16
02:29:29.493 [Test worker] INFO  JobCenter.class - JobCenter closed
02:29:29.493 [Test worker] INFO  HolidayInformationCenter.class - HolidayInformationCenter closed
]]></system-out>
  <system-err><![CDATA[]]></system-err>
</testsuite>
