<?xml version="1.0" encoding="UTF-8"?>
<testsuite name="de.gunis.roger.workersAvailable.JobCenterTest" tests="5" skipped="0" failures="0" errors="0" timestamp="2017-06-28T00:29:29" hostname="develvm" time="0.071">
  <properties/>
  <testcase name="resetRoundEvenOneWasOnHoliday" classname="de.gunis.roger.workersAvailable.JobCenterTest" time="0.031"/>
  <testcase name="resetRound" classname="de.gunis.roger.workersAvailable.JobCenterTest" time="0.03"/>
  <testcase name="addWorker" classname="de.gunis.roger.workersAvailable.JobCenterTest" time="0.001"/>
  <testcase name="addWorkerAndVacation" classname="de.gunis.roger.workersAvailable.JobCenterTest" time="0.004"/>
  <testcase name="addTwoWorkers" classname="de.gunis.roger.workersAvailable.JobCenterTest" time="0.002"/>
  <system-out><![CDATA[02:29:29.506 [Test worker] INFO  JobCenter.class - Instance started
02:29:29.508 [Test worker] INFO  HolidayInformationCenter.class - Instance started
02:29:29.534 [Test worker] INFO  JobCenter.class - Round over, starting over next one: Job{name='cleaning'}
02:29:29.536 [Test worker] INFO  JobCenter.class - JobCenter closed
02:29:29.536 [Test worker] INFO  HolidayInformationCenter.class - HolidayInformationCenter closed
02:29:29.538 [Test worker] INFO  JobCenter.class - Instance started
02:29:29.538 [Test worker] INFO  HolidayInformationCenter.class - Instance started
02:29:29.564 [Test worker] INFO  JobCenter.class - Round over, starting over next one: Job{name='cleaning'}
02:29:29.568 [Test worker] INFO  JobCenter.class - JobCenter closed
02:29:29.568 [Test worker] INFO  HolidayInformationCenter.class - HolidayInformationCenter closed
02:29:29.569 [Test worker] INFO  JobCenter.class - Instance started
02:29:29.569 [Test worker] INFO  HolidayInformationCenter.class - Instance started
02:29:29.570 [Test worker] INFO  JobCenter.class - JobCenter closed
02:29:29.570 [Test worker] INFO  HolidayInformationCenter.class - HolidayInformationCenter closed
02:29:29.571 [Test worker] INFO  JobCenter.class - Instance started
02:29:29.571 [Test worker] INFO  HolidayInformationCenter.class - Instance started
02:29:29.573 [Test worker] ERROR IllegalJobException.class - No workers found for this job day: 2017-06-28 or all on vacation
02:29:29.574 [Test worker] ERROR JobCenter.class - de.gunis.roger.workersAvailable.IllegalJobException, Job{name='cleaning'}
02:29:29.574 [Test worker] INFO  JobCenter.class - JobCenter closed
02:29:29.575 [Test worker] INFO  HolidayInformationCenter.class - HolidayInformationCenter closed
02:29:29.576 [Test worker] INFO  JobCenter.class - Instance started
02:29:29.576 [Test worker] INFO  HolidayInformationCenter.class - Instance started
02:29:29.577 [Test worker] INFO  JobCenter.class - JobCenter closed
02:29:29.577 [Test worker] INFO  HolidayInformationCenter.class - HolidayInformationCenter closed
]]></system-out>
  <system-err><![CDATA[]]></system-err>
</testsuite>
