<?xml version="1.0" encoding="UTF-8"?>
<testsuite name="de.gunis.roger.imports.CsvFileLoaderTest" tests="4" skipped="0" failures="0" errors="0" timestamp="2017-06-28T00:29:29" hostname="develvm" time="0.011">
  <properties/>
  <testcase name="testJobDescription" classname="de.gunis.roger.imports.CsvFileLoaderTest" time="0.006"/>
  <testcase name="testJobDescriptionInfo2DayOfWeek" classname="de.gunis.roger.imports.CsvFileLoaderTest" time="0.0"/>
  <testcase name="testHoliday" classname="de.gunis.roger.imports.CsvFileLoaderTest" time="0.0"/>
  <testcase name="testWorker" classname="de.gunis.roger.imports.CsvFileLoaderTest" time="0.003"/>
  <system-out><![CDATA[]]></system-out>
  <system-err><![CDATA[]]></system-err>
</testsuite>
