<?xml version="1.0" encoding="UTF-8"?>
<testsuite name="de.gunis.roger.WithPostProcessing" tests="1" skipped="1" failures="0" errors="0" timestamp="2017-06-28T00:29:29" hostname="develvm" time="0.0">
  <properties/>
  <testcase name="withPostprocessing" classname="de.gunis.roger.WithPostProcessing" time="0.0">
    <skipped/>
  </testcase>
  <system-out><![CDATA[]]></system-out>
  <system-err><![CDATA[]]></system-err>
</testsuite>
